<?xml version="1.0" encoding="UTF-8"?>
<!-- Generated by org.testng.reporters.JUnitXMLReporter -->
<testsuite ignored="9" hostname="DESKTOP-782IHJC" failures="0" tests="1" name="Default test" time="30.695" errors="0" timestamp="2024-10-21T19:44:26 EEST">
  <testcase classname="tests.NewCustomerTest" name="NewCustomerData" time="22.792"/>
  <testcase classname="tests.NewCustomerTest" name="LogOut" time="0.0">
    <ignored/>
  </testcase> <!-- LogOut -->
  <testcase classname="tests.NewCustomerTest" name="Custom_Statement" time="0.0">
    <ignored/>
  </testcase> <!-- Custom_Statement -->
  <testcase classname="tests.NewCustomerTest" name="Edit_Customer" time="0.0">
    <ignored/>
  </testcase> <!-- Edit_Customer -->
  <testcase classname="tests.NewCustomerTest" name="Balance_Enquiry" time="0.0">
    <ignored/>
  </testcase> <!-- Balance_Enquiry -->
  <testcase classname="tests.NewCustomerTest" name="New_Account" time="0.0">
    <ignored/>
  </testcase> <!-- New_Account -->
  <testcase classname="tests.NewCustomerTest" name="Delete_Account" time="0.0">
    <ignored/>
  </testcase> <!-- Delete_Account -->
  <testcase classname="tests.NewCustomerTest" name="Mini_statement" time="0.0">
    <ignored/>
  </testcase> <!-- Mini_statement -->
  <testcase classname="tests.NewCustomerTest" name="Delete_Customer" time="0.0">
    <ignored/>
  </testcase> <!-- Delete_Customer -->
  <testcase classname="tests.NewCustomerTest" name="Edit_Account" time="0.0">
    <ignored/>
  </testcase> <!-- Edit_Account -->
</testsuite> <!-- Default test -->
