<?xml version="1.0" encoding="UTF-8"?>
<testng-results ignored="0" total="1" passed="1" failed="0" skipped="0">
  <reporter-output>
  </reporter-output>
  <suite started-at="2024-10-21T19:43:56 EEST" name="Default suite" finished-at="2024-10-21T19:44:26 EEST" duration-ms="30695">
    <groups>
    </groups>
    <test started-at="2024-10-21T19:43:56 EEST" name="Default test" finished-at="2024-10-21T19:44:26 EEST" duration-ms="30695">
      <class name="tests.NewCustomerTest">
        <test-method is-config="true" signature="beforeTest()[pri:0, instance:tests.NewCustomerTest@6f53b8a]" started-at="2024-10-21T19:43:56 EEST" name="beforeTest" finished-at="2024-10-21T19:44:03 EEST" duration-ms="7800" status="PASS">
          <reporter-output>
          </reporter-output>
        </test-method> <!-- beforeTest -->
        <test-method is-config="true" signature="initilizeObject()[pri:0, instance:tests.NewCustomerTest@6f53b8a]" started-at="2024-10-21T19:44:03 EEST" name="initilizeObject" finished-at="2024-10-21T19:44:03 EEST" duration-ms="12" status="PASS">
          <reporter-output>
          </reporter-output>
        </test-method> <!-- initilizeObject -->
        <test-method signature="NewCustomerData()[pri:1, instance:tests.NewCustomerTest@6f53b8a]" started-at="2024-10-21T19:44:03 EEST" name="NewCustomerData" finished-at="2024-10-21T19:44:26 EEST" duration-ms="22792" status="PASS">
          <reporter-output>
          </reporter-output>
        </test-method> <!-- NewCustomerData -->
        <test-method is-config="true" signature="closeWebsite()[pri:0, instance:tests.NewCustomerTest@6f53b8a]" started-at="2024-10-21T19:44:26 EEST" name="closeWebsite" finished-at="2024-10-21T19:44:26 EEST" duration-ms="71" status="PASS">
          <reporter-output>
          </reporter-output>
        </test-method> <!-- closeWebsite -->
      </class> <!-- tests.NewCustomerTest -->
    </test> <!-- Default test -->
  </suite> <!-- Default suite -->
</testng-results>
